<?xml version="1.0" encoding="UTF-8"?>
<!-- Generated by org.testng.reporters.JUnitReportReporter -->
<testsuite hostname="LAPTOP-70R5TJJL" failures="0" tests="1" name="CookeHandle2" time="21.406" errors="0" timestamp="2022-06-14T16:17:44 IST" skipped="0">
  <testcase classname="CookeHandle2" name="aindow" time="21.406"/>
  <system-out/>
</testsuite> <!-- CookeHandle2 -->
