<?xml version="1.0" encoding="UTF-8"?>
<!-- Generated by org.testng.reporters.JUnitReportReporter -->
<testsuite hostname="LAPTOP-70R5TJJL" failures="0" tests="1" name="CookieHandle" time="7.481" errors="0" timestamp="2022-06-14T14:27:50 IST" skipped="0">
  <testcase classname="CookieHandle" name="window" time="7.481"/>
  <system-out/>
</testsuite> <!-- CookieHandle -->
