<?xml version="1.0" encoding="UTF-8"?>
<!-- Generated by org.testng.reporters.JUnitReportReporter -->
<testsuite hostname="LAPTOP-70R5TJJL" failures="0" tests="1" name="ActionsEX" time="16.487" errors="0" timestamp="2022-06-25T23:19:31 IST" skipped="0">
  <testcase classname="ActionsEX" name="window" time="16.487"/>
  <system-out/>
</testsuite> <!-- ActionsEX -->
