<?xml version="1.0" encoding="UTF-8"?>
<!-- Generated by org.testng.reporters.JUnitReportReporter -->
<testsuite hostname="LAPTOP-70R5TJJL" failures="0" tests="1" name="WindowHandles" time="14.410" errors="0" timestamp="2022-06-25T12:38:34 IST" skipped="0">
  <testcase classname="WindowHandles" name="window" time="14.410"/>
  <system-out/>
</testsuite> <!-- WindowHandles -->
