<?xml version="1.0" encoding="UTF-8"?>
<!-- Generated by org.testng.reporters.JUnitReportReporter -->
<testsuite hostname="LAPTOP-70R5TJJL" failures="0" tests="1" name="DimensionClass" time="10.949" errors="0" timestamp="2022-06-20T23:21:18 IST" skipped="0">
  <testcase classname="DimensionClass" name="window" time="10.949"/>
  <system-out/>
</testsuite> <!-- DimensionClass -->
