<?xml version="1.0" encoding="UTF-8"?>
<!-- Generated by org.testng.reporters.JUnitReportReporter -->
<testsuite hostname="LAPTOP-70R5TJJL" failures="0" tests="1" name="GmailLogin" time="3.951" errors="0" timestamp="2022-01-23T23:58:54 IST" skipped="0">
  <testcase classname="GmailLogin" name="TestFireFox" time="3.951"/>
  <system-out/>
</testsuite> <!-- GmailLogin -->
